16:23:57 **** Build of configuration Debug for project ledblink ****
make -j4 all 
arm-none-eabi-gcc -o "ledblink.elf" @"objects.list"   -mcpu=cortex-m3 -T"C:\Users\penta\Documents\stm32\ledblink\STM32F103C8TX_FLASH.ld" --specs=nosys.specs -Wl,-Map="ledblink.map" -Wl,--gc-sections -static --specs=nano.specs -mfloat-abi=soft -mthumb -Wl,--start-group -lc -lm -Wl,--end-group
C:/ST/STM32CubeIDE_1.17.0/STM32CubeIDE/plugins/com.st.stm32cube.ide.mcu.externaltools.gnu-tools-for-stm32.12.3.rel1.win32_1.1.0.202410251130/tools/bin/../lib/gcc/arm-none-eabi/12.3.1/../../../../arm-none-eabi/bin/ld.exe: ./Core/Src/stm32f1xx_it.o: in function `SysTick_Handler':
C:/Users/penta/Documents/stm32/ledblink/Debug/../Core/Src/stm32f1xx_it.c:184: multiple definition of `SysTick_Handler'; ./Core/Src/main.o:C:/Users/penta/Documents/stm32/ledblink/Debug/../Core/Src/main.c:56: first defined here
collect2.exe: error: ld returned 1 exit status
make: *** [makefile:64: ledblink.elf] Error 1
"make -j4 all" terminated with exit code 2. Build might be incomplete.

16:23:58 Build Failed. 2 errors, 0 warnings. (took 952ms)

